  Using  Jamrules.WinX64Release
  Host Operating System (OS)... nt
  Host Platform (OSPLAT)... x86
  Target OS (TARGET_OS)... nt
  Target Platform (TARGET_OSPLAT)... x86_64
  Configuration (CONFIG)... WinX64Release
  Toolset (TOOLSET)... vc16
  Use OpenSSL (--with-openssl)...
  Graphic User Interface (GUI)...
  System Interface (SYS)... win32
  C++ Flags (C++FLAGS)... /std:c++17 /Zc:__cplusplus /FS /DWIN32 /AI "C:\Program Files (x86)\Windows Kits\10\UnionMetadata" /AI "C:\Program Files (x86)\Microsoft Visual Studio\2019\Community\VC\Tools\MSVC\\14.29.30133\\VC\VCPackages" /EHsc /fp:precise /GR /TP /FD /MD /D NDEBUG /std:c++17 /Zc:__cplusplus /DPT_LE
  C Flags (CCFLAGS)... /FS /MD /D NDEBUG /DWIN32 /DPT_LE
  Linker Flags (LINKFLAGS)... /MANIFEST /LIBPATH:"C:\Program Files (x86)\Microsoft Visual Studio\2019\Community\VC\Tools\MSVC\\14.29.30133\\lib\x64" /LIBPATH:"C:\Program Files (x86)\Windows Kits\10\Lib\10.0.22621.0\um\x64" /LIBPATH:"C:\Program Files (x86)\Windows Kits\10\Lib\10.0.22621.0\ucrt\x64"
  Optimisation (OPTIM)... /Ox /Ot /Oy
  Warnings (WARN)... /W3
  Build targets (OUTPUT_TARGET)... C:\Users\Laure\projekte\atesion\sourceforge\meaprocess-code\trunk\mps-n\build\winx64release
  Build objects (OUTPUT_OBJECT)... C:\Users\Laure\projekte\atesion\sourceforge\meaprocess-code\trunk\mps-n\tmp\winx64release
  Unit tests (OUTPUT_TEST)...
  Install programs (INSTALL_BINDIR)...
  Install includes (INSTALL_INCLUDEDIR)...
  Install libraries (INSTALL_LIBDIR)...
  ...found 241 targets...
