  Cleaning Jamrules.LinuxARM64Release
          1 Datei(en) kopiert.
  Host Operating System (OS)... nt
  Host Platform (OSPLAT)... x86
  Target OS (TARGET_OS)... linux
  Target Platform (TARGET_OSPLAT)... arm
  Configuration (CONFIG)... LinuxARM64Release
  Toolset (TOOLSET)... gcc
  Use OpenSSL (--with-openssl)...
  Graphic User Interface (GUI)...
  System Interface (SYS)... posix
  C++ Flags (C++FLAGS)... -fPIC -DNDEBUG -DPT_LE
  C Flags (CCFLAGS)... -fPIC -DNDEBUG -DPT_LE
  Linker Flags (LINKFLAGS)...
  Optimisation (OPTIM)... -O2
  Warnings (WARN)... -Wall
  Build targets (OUTPUT_TARGET)... build\linuxarm64release
  Build objects (OUTPUT_OBJECT)... tmp\linuxarm64release
  Unit tests (OUTPUT_TEST)...
  Install programs (INSTALL_BINDIR)...
  Install includes (INSTALL_INCLUDEDIR)...
  Install libraries (INSTALL_LIBDIR)...
  ...found 1 target...
  ...updating 1 target...
  Clean clean
  Clean clean
  ...updated 1 target...
